# JRE version: Java(TM) SE Runtime Environment (17.0.1+12) (build 17.0.1+12-LTS-39)
# Java VM: Java HotSpot(TM) 64-Bit Server VM (17.0.1+12-LTS-39, mixed mode, sharing, tiered, compressed oops, compressed class ptrs, g1 gc, windows-amd64)
GC Precious Log:
 CPUs: 16 total, 16 available
 Memory: 16236M
 Large Page Support: Disabled
 NUMA Support: Disabled
 Compressed Oops: Enabled (Zero based)
 Heap Region Size: 2M
 Heap Min Capacity: 8M
 Heap Initial Capacity: 254M
 Heap Max Capacity: 4060M
 Pre-touch: Disabled
 Parallel Workers: 13
 Concurrent Workers: 3
 Concurrent Refinement Workers: 13
 Periodic GC: Disabled
Heap:
 garbage-first heap   total 122880K, used 35849K [0x0000000702400000, 0x0000000800000000)
  region size 2048K, 1 young (2048K), 0 survivors (0K)
 Metaspace       used 4873K, committed 4992K, reserved 1056768K
  class space    used 390K, committed 448K, reserved 1048576K
GC Heap History (20 events):
Event: 396.258 GC heap before
{Heap before GC invocations=1113 (full 244):
 garbage-first heap   total 122880K, used 35849K [0x0000000702400000, 0x0000000800000000)
  region size 2048K, 1 young (2048K), 0 survivors (0K)
 Metaspace       used 4873K, committed 4992K, reserved 1056768K
  class space    used 390K, committed 448K, reserved 1048576K
}
Event: 396.278 GC heap after
{Heap after GC invocations=1114 (full 245):
 garbage-first heap   total 122880K, used 35849K [0x0000000702400000, 0x0000000800000000)
  region size 2048K, 0 young (0K), 0 survivors (0K)
 Metaspace       used 4873K, committed 4992K, reserved 1056768K
  class space    used 390K, committed 448K, reserved 1048576K
}
Event: 396.923 GC heap before
{Heap before GC invocations=1114 (full 245):
 garbage-first heap   total 122880K, used 35849K [0x0000000702400000, 0x0000000800000000)
  region size 2048K, 1 young (2048K), 0 survivors (0K)
 Metaspace       used 4873K, committed 4992K, reserved 1056768K
  class space    used 390K, committed 448K, reserved 1048576K
}
Event: 396.938 GC heap after
{Heap after GC invocations=1115 (full 246):
 garbage-first heap   total 122880K, used 35849K [0x0000000702400000, 0x0000000800000000)
  region size 2048K, 0 young (0K), 0 survivors (0K)
 Metaspace       used 4873K, committed 4992K, reserved 1056768K
  class space    used 390K, committed 448K, reserved 1048576K
}
Event: 397.117 GC heap before
{Heap before GC invocations=1115 (full 246):
 garbage-first heap   total 122880K, used 35849K [0x0000000702400000, 0x0000000800000000)
  region size 2048K, 1 young (2048K), 0 survivors (0K)
 Metaspace       used 4873K, committed 4992K, reserved 1056768K
  class space    used 390K, committed 448K, reserved 1048576K
}
Event: 397.134 GC heap after
{Heap after GC invocations=1116 (full 247):
 garbage-first heap   total 122880K, used 35849K [0x0000000702400000, 0x0000000800000000)
  region size 2048K, 0 young (0K), 0 survivors (0K)
 Metaspace       used 4873K, committed 4992K, reserved 1056768K
  class space    used 390K, committed 448K, reserved 1048576K
}
Event: 397.311 GC heap before
{Heap before GC invocations=1116 (full 247):
 garbage-first heap   total 122880K, used 35849K [0x0000000702400000, 0x0000000800000000)
  region size 2048K, 1 young (2048K), 0 survivors (0K)
 Metaspace       used 4873K, committed 4992K, reserved 1056768K
  class space    used 390K, committed 448K, reserved 1048576K
}
Event: 397.327 GC heap after
{Heap after GC invocations=1117 (full 248):
 garbage-first heap   total 122880K, used 35849K [0x0000000702400000, 0x0000000800000000)
  region size 2048K, 0 young (0K), 0 survivors (0K)
 Metaspace       used 4873K, committed 4992K, reserved 1056768K
  class space    used 390K, committed 448K, reserved 1048576K
}
Event: 397.702 GC heap before
{Heap before GC invocations=1117 (full 248):
 garbage-first heap   total 122880K, used 35849K [0x0000000702400000, 0x0000000800000000)
  region size 2048K, 1 young (2048K), 0 survivors (0K)
 Metaspace       used 4873K, committed 4992K, reserved 1056768K
  class space    used 390K, committed 448K, reserved 1048576K
}
Event: 397.718 GC heap after
{Heap after GC invocations=1118 (full 249):
 garbage-first heap   total 122880K, used 35849K [0x0000000702400000, 0x0000000800000000)
  region size 2048K, 0 young (0K), 0 survivors (0K)
 Metaspace       used 4873K, committed 4992K, reserved 1056768K
  class space    used 390K, committed 448K, reserved 1048576K
}
Event: 397.718 GC heap before
{Heap before GC invocations=1118 (full 249):
 garbage-first heap   total 122880K, used 35849K [0x0000000702400000, 0x0000000800000000)
  region size 2048K, 1 young (2048K), 0 survivors (0K)
 Metaspace       used 4873K, committed 4992K, reserved 1056768K
  class space    used 390K, committed 448K, reserved 1048576K
}
Event: 397.734 GC heap after
{Heap after GC invocations=1119 (full 250):
 garbage-first heap   total 122880K, used 35849K [0x0000000702400000, 0x0000000800000000)
  region size 2048K, 0 young (0K), 0 survivors (0K)
 Metaspace       used 4873K, committed 4992K, reserved 1056768K
  class space    used 390K, committed 448K, reserved 1048576K
}
Event: 397.913 GC heap before
{Heap before GC invocations=1119 (full 250):
 garbage-first heap   total 122880K, used 35849K [0x0000000702400000, 0x0000000800000000)
  region size 2048K, 1 young (2048K), 0 survivors (0K)
 Metaspace       used 4873K, committed 4992K, reserved 1056768K
  class space    used 390K, committed 448K, reserved 1048576K
}
Event: 397.928 GC heap after
{Heap after GC invocations=1120 (full 251):
 garbage-first heap   total 122880K, used 35849K [0x0000000702400000, 0x0000000800000000)
  region size 2048K, 0 young (0K), 0 survivors (0K)
 Metaspace       used 4873K, committed 4992K, reserved 1056768K
  class space    used 390K, committed 448K, reserved 1048576K
}
Event: 398.110 GC heap before
{Heap before GC invocations=1120 (full 251):
 garbage-first heap   total 122880K, used 35849K [0x0000000702400000, 0x0000000800000000)
  region size 2048K, 1 young (2048K), 0 survivors (0K)
 Metaspace       used 4873K, committed 4992K, reserved 1056768K
  class space    used 390K, committed 448K, reserved 1048576K
}
Event: 398.126 GC heap after
{Heap after GC invocations=1121 (full 252):
 garbage-first heap   total 122880K, used 35849K [0x0000000702400000, 0x0000000800000000)
  region size 2048K, 0 young (0K), 0 survivors (0K)
 Metaspace       used 4873K, committed 4992K, reserved 1056768K
  class space    used 390K, committed 448K, reserved 1048576K
}
Event: 398.780 GC heap before
{Heap before GC invocations=1121 (full 252):
 garbage-first heap   total 122880K, used 35849K [0x0000000702400000, 0x0000000800000000)
  region size 2048K, 1 young (2048K), 0 survivors (0K)
 Metaspace       used 4873K, committed 4992K, reserved 1056768K
  class space    used 390K, committed 448K, reserved 1048576K
}
Event: 398.800 GC heap after
{Heap after GC invocations=1122 (full 253):
 garbage-first heap   total 122880K, used 35849K [0x0000000702400000, 0x0000000800000000)
  region size 2048K, 0 young (0K), 0 survivors (0K)
 Metaspace       used 4873K, committed 4992K, reserved 1056768K
  class space    used 390K, committed 448K, reserved 1048576K
}
Event: 399.005 GC heap before
{Heap before GC invocations=1122 (full 253):
 garbage-first heap   total 122880K, used 35849K [0x0000000702400000, 0x0000000800000000)
  region size 2048K, 1 young (2048K), 0 survivors (0K)
 Metaspace       used 4873K, committed 4992K, reserved 1056768K
  class space    used 390K, committed 448K, reserved 1048576K
}
Event: 399.023 GC heap after
{Heap after GC invocations=1123 (full 254):
 garbage-first heap   total 122880K, used 35849K [0x0000000702400000, 0x0000000800000000)
  region size 2048K, 0 young (0K), 0 survivors (0K)
 Metaspace       used 4873K, committed 4992K, reserved 1056768K
  class space    used 390K, committed 448K, reserved 1048576K
}

